"dos mas dos son 28" | cadena
; | fin_sentencia
&& | operador_logico
& | caracter
|| | operador_logico
| | caracter
! | operador_logico
! | operador_logico
!= | operador_relacional
> | operador_relacional
>= | operador_relacional
< | operador_relacional
<= | operador_relacional
== | operador_relacional
Area | identificador
= | asignacion
( | caracter
radio | identificador
* | operador_factor
radio | identificador
) | caracter
* | operador_factor
3.141592 | numero
* | operador_factor
h | identificador
; | fin_sentencia
Contar | identificador
+= | incremento_termino
1 | numero
; | fin_sentencia
++ | incremento_termino
+ | operador_termino
-- | incremento_termino
- | operador_termino
